C:\A15\FACULTATE\FORTH\ATLAST-2.0\BUILD\ATLAST2\DEBUG\ATLAST.COD
C:\A15\FACULTATE\FORTH\ATLAST-2.0\BUILD\ATLAST2\DEBUG\ATLAST.OBJ
C:\A15\FACULTATE\FORTH\ATLAST-2.0\BUILD\ATLAST2\DEBUG\ATLAST2.EXE
C:\A15\FACULTATE\FORTH\ATLAST-2.0\BUILD\ATLAST2\DEBUG\ATLAST2.EXE.EMBED.MANIFEST
C:\A15\FACULTATE\FORTH\ATLAST-2.0\BUILD\ATLAST2\DEBUG\ATLAST2.EXE.EMBED.MANIFEST.RES
C:\A15\FACULTATE\FORTH\ATLAST-2.0\BUILD\ATLAST2\DEBUG\ATLAST2.EXE.INTERMEDIATE.MANIFEST
C:\A15\FACULTATE\FORTH\ATLAST-2.0\BUILD\ATLAST2\DEBUG\ATLAST2.MAP
C:\A15\FACULTATE\FORTH\ATLAST-2.0\BUILD\ATLAST2\DEBUG\ATLAST2.PDB
C:\A15\facultate\forth\atlast-2.0\build\atlast2\Debug\atlast2.vcxprojResolveAssemblyReference.cache
C:\A15\facultate\forth\atlast-2.0\build\atlast2\Debug\atlast2.write.1.tlog
C:\A15\facultate\forth\atlast-2.0\build\atlast2\Debug\atlast2_manifest.rc
C:\A15\FACULTATE\FORTH\ATLAST-2.0\BUILD\ATLAST2\DEBUG\ATLMAIN.COD
C:\A15\FACULTATE\FORTH\ATLAST-2.0\BUILD\ATLAST2\DEBUG\ATLMAIN.OBJ
C:\A15\facultate\forth\atlast-2.0\build\atlast2\Debug\cl.command.1.tlog
C:\A15\facultate\forth\atlast-2.0\build\atlast2\Debug\CL.read.1.tlog
C:\A15\facultate\forth\atlast-2.0\build\atlast2\Debug\CL.write.1.tlog
C:\A15\facultate\forth\atlast-2.0\build\atlast2\Debug\link.16020.read.1.tlog
C:\A15\facultate\forth\atlast-2.0\build\atlast2\Debug\link.16020.write.1.tlog
C:\A15\facultate\forth\atlast-2.0\build\atlast2\Debug\link.16020-cvtres.read.1.tlog
C:\A15\facultate\forth\atlast-2.0\build\atlast2\Debug\link.16020-cvtres.write.1.tlog
C:\A15\facultate\forth\atlast-2.0\build\atlast2\Debug\link.command.1.tlog
C:\A15\facultate\forth\atlast-2.0\build\atlast2\Debug\link.read.1.tlog
C:\A15\facultate\forth\atlast-2.0\build\atlast2\Debug\link.write.1.tlog
C:\A15\facultate\forth\atlast-2.0\build\atlast2\Debug\link-cvtres.read.1.tlog
C:\A15\facultate\forth\atlast-2.0\build\atlast2\Debug\link-cvtres.write.1.tlog
C:\A15\facultate\forth\atlast-2.0\build\atlast2\Debug\mt.command.1.tlog
C:\A15\facultate\forth\atlast-2.0\build\atlast2\Debug\mt.read.1.tlog
C:\A15\facultate\forth\atlast-2.0\build\atlast2\Debug\mt.write.1.tlog
C:\A15\facultate\forth\atlast-2.0\build\atlast2\Debug\rc.command.1.tlog
C:\A15\facultate\forth\atlast-2.0\build\atlast2\Debug\rc.read.1.tlog
C:\A15\facultate\forth\atlast-2.0\build\atlast2\Debug\rc.write.1.tlog
C:\A15\facultate\forth\atlast-2.0\build\atlast2\Debug\vc100.idb
C:\A15\FACULTATE\FORTH\ATLAST-2.0\BUILD\ATLAST2\DEBUG\VC100.PDB
